\BOOKMARK [0][-]{chapter.1}{Introduction}{}% 1
\BOOKMARK [0][-]{chapter.2}{Theory}{}% 2
\BOOKMARK [1][-]{section.2.1}{Standard model of particle physics}{chapter.2}% 3
\BOOKMARK [1][-]{section.2.2}{Top Quark}{chapter.2}% 4
\BOOKMARK [1][-]{section.2.3}{Unfolding}{chapter.2}% 5
\BOOKMARK [0][-]{chapter.3}{Experiment}{}% 6
\BOOKMARK [1][-]{section.3.1}{Large Hadron Collider}{chapter.3}% 7
\BOOKMARK [1][-]{section.3.2}{CMS Detector}{chapter.3}% 8
\BOOKMARK [2][-]{subsection.3.2.1}{Tracker}{section.3.2}% 9
\BOOKMARK [2][-]{subsection.3.2.2}{Calorimeters}{section.3.2}% 10
\BOOKMARK [2][-]{subsection.3.2.3}{Solenoid}{section.3.2}% 11
\BOOKMARK [2][-]{subsection.3.2.4}{Muon System}{section.3.2}% 12
\BOOKMARK [2][-]{subsection.3.2.5}{Trigger}{section.3.2}% 13
\BOOKMARK [0][-]{chapter.4}{Reconstruction of Objects}{}% 14
\BOOKMARK [1][-]{section.4.1}{Coordinate System}{chapter.4}% 15
\BOOKMARK [1][-]{section.4.2}{Particle Flow}{chapter.4}% 16
\BOOKMARK [1][-]{section.4.3}{Electrons}{chapter.4}% 17
\BOOKMARK [1][-]{section.4.4}{Muons}{chapter.4}% 18
\BOOKMARK [1][-]{section.4.5}{Jets}{chapter.4}% 19
\BOOKMARK [2][-]{subsection.4.5.1}{Anti-kT Jet Algorithm}{section.4.5}% 20
\BOOKMARK [2][-]{subsection.4.5.2}{HOTVR Jet Algorithm}{section.4.5}% 21
\BOOKMARK [2][-]{subsection.4.5.3}{XCone Jet Algorithm}{section.4.5}% 22
\BOOKMARK [2][-]{subsection.4.5.4}{b-Jets}{section.4.5}% 23
\BOOKMARK [1][-]{section.4.6}{E-8.5-.25exT and ST}{chapter.4}% 24
\BOOKMARK [0][-]{chapter.5}{Data and Monte-Carlo Simulation}{}% 25
\BOOKMARK [1][-]{section.5.1}{Data}{chapter.5}% 26
\BOOKMARK [1][-]{section.5.2}{Event Generator and Parton Shower}{chapter.5}% 27
\BOOKMARK [1][-]{section.5.3}{Monte-Carlo samples}{chapter.5}% 28
\BOOKMARK [0][-]{chapter.6}{Analysis}{}% 29
\BOOKMARK [1][-]{section.6.1}{Analysis Strategy}{chapter.6}% 30
\BOOKMARK [1][-]{section.6.2}{Previous Results}{chapter.6}% 31
\BOOKMARK [1][-]{section.6.3}{Jet Studies on Particle Level}{chapter.6}% 32
\BOOKMARK [2][-]{subsection.6.3.1}{Selection on particle level}{section.6.3}% 33
\BOOKMARK [2][-]{subsection.6.3.2}{XCone Strategy}{section.6.3}% 34
\BOOKMARK [2][-]{subsection.6.3.3}{Comparing Jet Algorithms}{section.6.3}% 35
\BOOKMARK [1][-]{section.6.4}{Selection on Reconstruction Level}{chapter.6}% 36
\BOOKMARK [2][-]{subsection.6.4.1}{Baseline Selection}{section.6.4}% 37
\BOOKMARK [2][-]{subsection.6.4.2}{Measurement Phase Space}{section.6.4}% 38
\BOOKMARK [1][-]{section.6.5}{Unfolding}{chapter.6}% 39
\BOOKMARK [1][-]{section.6.6}{Results}{chapter.6}% 40
\BOOKMARK [0][-]{chapter.7}{Summary and Outlook}{}% 41
